http://plikker.com/
http://plikker.com/
http://www.dr.dk
http://plikker.com/
http://www.dr.dk
http://plikker.com/
http://plikker.com/
http://plikker.com/
http://plikker.com/
http://www.dr.dk
http://www.dr.dk
http://www.comon.dk
http://plikker.com/
http://plikker.com/
http://www.dr.dk
http://plikker.com/
http://plikker.com/
http://plikker.com/
http://plikker.com/
http://plikker.com/
http://plikker.com/
http://plikker.com/
http://plikker.com/
http://plikker.com/
http://plikker.com/
http://www.dr.dk
http://plikker.com/
http://plikker.com/
http://plikker.com/
http://www.dr.dk
http://plikker.com/
http://plikker.com/
http://plikker.com/
http://plikker.com/
http://www.dr.dk
http://plikker.com/
http://plikker.com/
http://plikker.com/
http://plikker.com/
http://plikker.com/
http://plikker.com/
http://plikker.com/
http://plikker.com/
http://plikker.com/
http://plikker.com/
http://plikker.com/
http://www.dr.dk
http://version2.dk/
http://version2.dk/
http://version2.dk/
http://version2.dk/
http://version2.dk/
http://version2.dk/
http://version2.dk/
http://version2.dk/
http://version2.dk/
http://version2.dk/
http://version2.dk/
http://version2.dk/
http://version2.dk/
http://version2.dk/
http://version2.dk/
http://version2.dk/
http://version2.dk/
http://version2.dk/
http://version2.dk/
http://version2.dk/
http://version2.dk/
http://version2.dk/
http://version2.dk/
http://version2.dk/
http://version2.dk/
http://version2.dk/
http://version2.dk/
http://version2.dk/
http://version2.dk/
http://version2.dk/
http://version2.dk/
http://version2.dk/
http://version2.dk/
http://version2.dk/
http://version2.dk/
http://version2.dk/
http://version2.dk/
http://version2.dk/
http://version2.dk/
http://version2.dk/
http://version2.dk/
http://version2.dk/
http://version2.dk/
http://version2.dk/
http://version2.dk/
http://version2.dk/
http://version2.dk/
http://version2.dk/
http://version2.dk/
http://version2.dk/
http://version2.dk/
http://version2.dk/
http://version2.dk/
http://version2.dk/
http://version2.dk/
http://version2.dk/
http://version2.dk/
http://version2.dk/
http://version2.dk/
http://version2.dk/
http://www.dr.dk
http://version2.dk/
http://version2.dk/
http://version2.dk/
http://version2.dk/
http://version2.dk/
http://www.dr.dk
http://www.version2.dk
http://version2.dk/
http://version2.dk/
http://version2.dk/
http://version2.dk/
http://version2.dk/
http://version2.dk/
http://version2.dk/
http://version2.dk/
http://version2.dk/
http://version2.dk/
http://version2.dk/
http://version2.dk/
http://version2.dk/
http://version2.dk/
http://version2.dk/
http://version2.dk/
file:///C
file:///C
file:///C/Users/kamante/Desktop/LifeboatProcedure.xm,l
file:///C/Users/kamante/Desktop/LifeboatProcedure.xml
file:///C/Users/kamante/Desktop/LifeboatProcedure.xml
file:///C/Users/kamante/Desktop/LifeboatProcedure.xml
file:///C/Users/kamante/Desktop/LifeboatProcedure.xml
file:///C/Users/kamante/Desktop/LifeboatProcedure.xml
file:///Users/kamante/Desktop/LifeboatProcedure.xml
file:///Users/kamante/Desktop/LifeboatProcedure.xml
file:///Users/kamante/Desktop/LifeboatProcedure.xml
file:///Users/kamante/Desktop/LifeboatProcedure.xml
file:///Users/kamante/Desktop/LifeboatProcedure.xml
file:///Users/kamante/Desktop/LifeboatProcedure.xml
file:///Users/kamante/Desktop/LifeboatProcedure.xml
file:///Users/kamante/Desktop/LifeboatProcedure.xml
file:///Users/kamante/Desktop/LifeboatProcedure.xml
file:///Users/kamante/Desktop/LifeboatProcedure.xml
file:///Users/kamante/Desktop/LifeboatProcedure.xml
file:///Users/kamante/Desktop/LifeboatProcedure.xml
file:///Users/kamante/Desktop/LifeboatProcedure.xml
file:///Users/kamante/Desktop/LifeboatProcedure.xml
file:///Users/kamante/Desktop/LifeboatProcedure.xml
file:///Users/kamante/Desktop/LifeboatProcedure.xml
file:///Users/kamante/Desktop/LifeboatProcedure.xml
file:///Users/kamante/Desktop/LifeboatProcedure.xml
file:///Users/kamante/Desktop/LifeboatProcedure.xml
http://comon.dk
http://version2.dk/
http://version2.dk/
http://version2.dk/
http://version2.dk/
http://version2.dk/
http://version2.dk/
http://version2.dk/
http://www.dr.dk
