http://plikker.com/
http://www.dr.dk
http://plikker.com/
http://plikker.com/
http://www.dr.dk
http://plikker.com/
http://www.dr.dk
http://plikker.com/
http://www.dr.dk
http://www.comon.dk
http://plikker.com/
http://www.dr.dk
http://plikker.com/
http://www.dr.dk
http://plikker.com/
http://www.dr.dk
http://plikker.com/
http://www.dr.dk
http://plikker.com/
http://www.comon.dk
http://plikker.com/
http://plikker.com/
http://vlab.dk/
http://www.dr.dk
http://www.dr.dk
http://www.dr.dk
http://vlab.dk/
http://vlab.dk/
http://version2.dk/
http://www.dr.dk
http://www.flash.com
http://www.flash.com
http://plikker.com/
http://version2.dk/
http://version2.dk/
http://version2.dk/
http://www.google.dk
http://version2.dk/
http://version2.dk/
http://www.dr.dk
http://version2.dk/
http://version2.dk/
http://version2.dk/
http://version2.dk/
http://www.youtube.com
http://version2.dk/
http://www.youtube.com
http://version2.dk/
http://www.youtube.com
http://version2.dk/
http://www.youtube.com
http://version2.dk/
http://www.youtube.com
http://version2.dk/
http://www.youtube.com
http://version2.dk/
http://www.dr.dk
http://version2.dk/
http://www.dr.dk
http://version2.dk/
http://www.dr.dk
http://version2.dk/
http://www.dr.dk
http://version2.dk/
http://version2.dk/
http://version2.dk/
http://version2.dk/
http://version2.dk/
